<?xml version="1.0" encoding="UTF-8"?>
<coverage generated="1684685404525" clover="3.2.0">
  <project timestamp="1684685404525" name="All files">
    <metrics statements="14" coveredstatements="10" conditionals="4" coveredconditionals="1" methods="1" coveredmethods="1" elements="19" coveredelements="12" complexity="0" loc="14" ncloc="14" packages="1" files="1" classes="1"/>
    <file name="test1.js" path="C:\Users\ilya-\OneDrive\Рабочий стол\zhk\server\tests\test1.js">
      <metrics statements="14" coveredstatements="10" conditionals="4" coveredconditionals="1" methods="1" coveredmethods="1"/>
      <line num="1" count="1" type="cond" truecount="1" falsecount="0"/>
      <line num="2" count="1" type="cond" truecount="0" falsecount="1"/>
      <line num="3" count="0" type="stmt"/>
      <line num="4" count="1" type="cond" truecount="0" falsecount="1"/>
      <line num="5" count="0" type="stmt"/>
      <line num="6" count="1" type="stmt"/>
      <line num="7" count="1" type="stmt"/>
      <line num="8" count="1" type="stmt"/>
      <line num="9" count="1" type="stmt"/>
      <line num="10" count="1" type="stmt"/>
      <line num="11" count="1" type="stmt"/>
      <line num="12" count="1" type="cond" truecount="0" falsecount="1"/>
      <line num="13" count="0" type="stmt"/>
      <line num="14" count="0" type="stmt"/>
    </file>
  </project>
</coverage>
